<?xml version="1.0" encoding="UTF-8"?>
<!-- Generated by org.testng.reporters.JUnitXMLReporter -->
<testsuite ignored="0" hostname="5nroor063" failures="2" tests="2" name="EdgeTest" time="6.806" errors="0" timestamp="2024-07-03T19:56:24 OESZ">
  <testcase classname="tests.LoginTest" name="validLogin" time="0.001">
    <failure type="java.lang.IllegalAccessError" message="class selenium.utils.TestNGListener (in unnamed module @0x153f5a29) cannot access class jdk.internal.org.jline.utils.Log (in module jdk.internal.le) because module jdk.internal.le does not export jdk.internal.org.jline.utils to unnamed module @0x153f5a29">
      <![CDATA[java.lang.IllegalAccessError: class selenium.utils.TestNGListener (in unnamed module @0x153f5a29) cannot access class jdk.internal.org.jline.utils.Log (in module jdk.internal.le) because module jdk.internal.le does not export jdk.internal.org.jline.utils to unnamed module @0x153f5a29
at selenium.utils.TestNGListener.onTestStart(TestNGListener.java:15)
at java.base/java.util.ArrayList.forEach(ArrayList.java:1511)
at java.base/java.util.concurrent.FutureTask.run(FutureTask.java:264)
at java.base/java.util.concurrent.ThreadPoolExecutor.runWorker(ThreadPoolExecutor.java:1136)
at java.base/java.util.concurrent.ThreadPoolExecutor$Worker.run(ThreadPoolExecutor.java:635)
at java.base/java.lang.Thread.run(Thread.java:840)
... Removed 15 stack frames]]>
    </failure>
  </testcase> <!-- validLogin -->
  <testcase classname="tests.LoginTest" name="validLogin" time="6.802">
    <failure type="java.lang.IllegalAccessError" message="class selenium.utils.TestNGListener (in unnamed module @0x153f5a29) cannot access class jdk.internal.org.jline.utils.Log (in module jdk.internal.le) because module jdk.internal.le does not export jdk.internal.org.jline.utils to unnamed module @0x153f5a29">
      <![CDATA[java.lang.IllegalAccessError: class selenium.utils.TestNGListener (in unnamed module @0x153f5a29) cannot access class jdk.internal.org.jline.utils.Log (in module jdk.internal.le) because module jdk.internal.le does not export jdk.internal.org.jline.utils to unnamed module @0x153f5a29
at selenium.utils.TestNGListener.onTestFailure(TestNGListener.java:35)
at java.base/java.util.ArrayList.forEach(ArrayList.java:1511)
at java.base/java.util.concurrent.FutureTask.run(FutureTask.java:264)
at java.base/java.util.concurrent.ThreadPoolExecutor.runWorker(ThreadPoolExecutor.java:1136)
at java.base/java.util.concurrent.ThreadPoolExecutor$Worker.run(ThreadPoolExecutor.java:635)
at java.base/java.lang.Thread.run(Thread.java:840)
... Removed 15 stack frames]]>
    </failure>
  </testcase> <!-- validLogin -->
</testsuite> <!-- EdgeTest -->
