<?xml version="1.0" encoding="UTF-8"?>
<testng-results ignored="0" total="1" passed="1" failed="0" skipped="0">
  <reporter-output>
  </reporter-output>
  <suite started-at="2024-06-27T21:39:41 OESZ" name="Suite1" finished-at="2024-06-27T21:40:14 OESZ" duration-ms="33091">
    <groups>
    </groups>
    <test started-at="2024-06-27T21:39:41 OESZ" name="test" finished-at="2024-06-27T21:40:14 OESZ" duration-ms="33091">
      <class name="tests.LoginTest">
        <test-method is-config="true" signature="setup(java.lang.String)[pri:0, instance:tests.LoginTest@56cdfb3b]" started-at="2024-06-27T21:39:41 OESZ" name="setup" finished-at="2024-06-27T21:39:46 OESZ" duration-ms="4794" status="PASS">
          <params>
            <param index="0">
              <value>
                <![CDATA[https://keyfood.ro]]>
              </value>
            </param>
          </params>
          <reporter-output>
          </reporter-output>
        </test-method> <!-- setup -->
        <test-method signature="validLogin()[pri:0, instance:tests.LoginTest@56cdfb3b]" started-at="2024-06-27T21:39:46 OESZ" name="validLogin" finished-at="2024-06-27T21:40:09 OESZ" duration-ms="23056" status="PASS">
          <reporter-output>
          </reporter-output>
        </test-method> <!-- validLogin -->
        <test-method is-config="true" signature="recordFailure(org.testng.ITestResult)[pri:0, instance:tests.LoginTest@56cdfb3b]" started-at="2024-06-27T21:40:09 OESZ" name="recordFailure" finished-at="2024-06-27T21:40:09 OESZ" duration-ms="1" status="PASS">
          <params>
            <param index="0">
              <value>
                <![CDATA[[TestResult name=validLogin status=SUCCESS method=LoginTest.validLogin()[pri:0, instance:tests.LoginTest@56cdfb3b] output={null}]]]>
              </value>
            </param>
          </params>
          <reporter-output>
          </reporter-output>
        </test-method> <!-- recordFailure -->
        <test-method is-config="true" signature="tearDown()[pri:0, instance:tests.LoginTest@56cdfb3b]" started-at="2024-06-27T21:40:09 OESZ" name="tearDown" finished-at="2024-06-27T21:40:14 OESZ" duration-ms="5215" status="PASS">
          <reporter-output>
          </reporter-output>
        </test-method> <!-- tearDown -->
      </class> <!-- tests.LoginTest -->
    </test> <!-- test -->
  </suite> <!-- Suite1 -->
</testng-results>
